app/build/outputs/logs/manifest-merger-debug-report.txt
-- Merging decision tree log ---
manifest
ADDED from src\main\AndroidManifest.xml:2:1-17:12
INJECTED from src\main\AndroidManifest.xml:2:1-17:12
INJECTED from src\main\AndroidManifest.xml:2:1-17:12
INJECTED from src\main\AndroidManifest.xml:2:1-17:12
INJECTED from src\main\AndroidManifest.xml:2:1-17:12
	package
		ADDED from src\main\AndroidManifest.xml:3:5-29
	android:versionName
		INJECTED from src\main\AndroidManifest.xml
		ADDED from src\main\AndroidManifest.xml:2:1-17:12
		INJECTED from src\main\AndroidManifest.xml
	android:versionCode
		INJECTED from src\main\AndroidManifest.xml
		ADDED from src\main\AndroidManifest.xml:2:1-17:12
		INJECTED from src\main\AndroidManifest.xml
	xmlns:android
		ADDED from src\main\AndroidManifest.xml:2:11-69
application
ADDED from src\main\AndroidManifest.xml:4:5-16:19
	android:label
		ADDED from src\main\AndroidManifest.xml:6:9-41
	android:icon
		ADDED from src\main\AndroidManifest.xml:5:9-45
activity#hins.clay.test.MainActivity
ADDED from src\main\AndroidManifest.xml:7:9-15:20
	android:label
		ADDED from src\main\AndroidManifest.xml:9:13-45
	android:theme
		ADDED from src\main\AndroidManifest.xml:10:13-66
	android:name
		ADDED from src\main\AndroidManifest.xml:8:13-41
intent-filter#action:name:android.intent.action.MAIN+category:name:android.intent.category.LAUNCHER
ADDED from src\main\AndroidManifest.xml:11:13-14:29
action#android.intent.action.MAIN
ADDED from src\main\AndroidManifest.xml:12:17-69
	android:name
		ADDED from src\main\AndroidManifest.xml:12:25-66
category#android.intent.category.LAUNCHER
ADDED from src\main\AndroidManifest.xml:13:17-77
	android:name
		ADDED from src\main\AndroidManifest.xml:13:27-74
uses-sdk
INJECTED from src\main\AndroidManifest.xml reason: use-sdk injection requested
INJECTED from src\main\AndroidManifest.xml
INJECTED from src\main\AndroidManifest.xml
INJECTED from src\main\AndroidManifest.xml
INJECTED from src\main\AndroidManifest.xml
	android:targetSdkVersion
		INJECTED from src\main\AndroidManifest.xml
		ADDED from src\main\AndroidManifest.xml
		INJECTED from src\main\AndroidManifest.xml
	android:minSdkVersion
		INJECTED from src\main\AndroidManifest.xml
		ADDED from src\main\AndroidManifest.xml
		INJECTED from src\main\AndroidManifest.xml